<?xml version="1.0" encoding="UTF-8"?>
<testng-results skipped="0" failed="0" ignored="0" total="2" passed="2">
  <reporter-output>
  </reporter-output>
  <suite name="Suite" duration-ms="78375" started-at="2021-02-07T06:36:34Z" finished-at="2021-02-07T06:37:52Z">
    <groups>
      <group name="regressionTest">
        <method signature="GroupMarketingContact.createContactWitORgTest1()[pri:0, instance:com.crm.autodesk.ContactTest.GroupMarketingContact@5e316c74]" name="createContactWitORgTest1" class="com.crm.autodesk.ContactTest.GroupMarketingContact"/>
      </group> <!-- regressionTest -->
      <group name="smokeTest">
        <method signature="GroupMarketingContact.createContactWitORgTest()[pri:0, instance:com.crm.autodesk.ContactTest.GroupMarketingContact@5e316c74]" name="createContactWitORgTest" class="com.crm.autodesk.ContactTest.GroupMarketingContact"/>
      </group> <!-- smokeTest -->
    </groups>
    <test name="Test" duration-ms="78375" started-at="2021-02-07T06:36:34Z" finished-at="2021-02-07T06:37:52Z">
      <class name="com.crm.autodesk.ContactTest.GroupMarketingContact">
        <test-method status="PASS" signature="configBS()[pri:0, instance:com.crm.autodesk.ContactTest.GroupMarketingContact@5e316c74]" name="configBS" is-config="true" duration-ms="674" started-at="2021-02-07T06:36:33Z" finished-at="2021-02-07T06:36:34Z">
          <reporter-output>
          </reporter-output>
        </test-method> <!-- configBS -->
        <test-method status="PASS" signature="configBC()[pri:0, instance:com.crm.autodesk.ContactTest.GroupMarketingContact@5e316c74]" name="configBC" is-config="true" duration-ms="9813" started-at="2021-02-07T06:36:34Z" finished-at="2021-02-07T06:36:43Z">
          <reporter-output>
          </reporter-output>
        </test-method> <!-- configBC -->
        <test-method status="PASS" signature="configBM()[pri:0, instance:com.crm.autodesk.ContactTest.GroupMarketingContact@5e316c74]" name="configBM" is-config="true" duration-ms="7105" started-at="2021-02-07T06:36:43Z" finished-at="2021-02-07T06:36:50Z">
          <reporter-output>
          </reporter-output>
        </test-method> <!-- configBM -->
        <test-method status="PASS" signature="createContactWitORgTest()[pri:0, instance:com.crm.autodesk.ContactTest.GroupMarketingContact@5e316c74]" name="createContactWitORgTest" duration-ms="21575" started-at="2021-02-07T06:36:50Z" finished-at="2021-02-07T06:37:12Z">
          <reporter-output>
          </reporter-output>
        </test-method> <!-- createContactWitORgTest -->
        <test-method status="PASS" signature="configAM()[pri:0, instance:com.crm.autodesk.ContactTest.GroupMarketingContact@5e316c74]" name="configAM" is-config="true" duration-ms="4877" started-at="2021-02-07T06:37:12Z" finished-at="2021-02-07T06:37:17Z">
          <reporter-output>
          </reporter-output>
        </test-method> <!-- configAM -->
        <test-method status="PASS" signature="configBM()[pri:0, instance:com.crm.autodesk.ContactTest.GroupMarketingContact@5e316c74]" name="configBM" is-config="true" duration-ms="8531" started-at="2021-02-07T06:37:17Z" finished-at="2021-02-07T06:37:25Z">
          <reporter-output>
          </reporter-output>
        </test-method> <!-- configBM -->
        <test-method status="PASS" signature="createContactWitORgTest1()[pri:0, instance:com.crm.autodesk.ContactTest.GroupMarketingContact@5e316c74]" name="createContactWitORgTest1" duration-ms="26377" started-at="2021-02-07T06:37:25Z" finished-at="2021-02-07T06:37:52Z">
          <reporter-output>
          </reporter-output>
        </test-method> <!-- createContactWitORgTest1 -->
        <test-method status="FAIL" signature="configAM()[pri:0, instance:com.crm.autodesk.ContactTest.GroupMarketingContact@5e316c74]" name="configAM" is-config="true" duration-ms="28" started-at="2021-02-07T06:37:52Z" finished-at="2021-02-07T06:37:52Z">
          <exception class="org.openqa.selenium.NoSuchSessionException">
            <message>
              <![CDATA[Session ID is null. Using WebDriver after calling quit()?
Build info: version: '3.141.59', revision: 'e82be7d358', time: '2018-11-14T08:17:03'
System info: host: 'NAVEEN', ip: '192.168.45.1', os.name: 'Windows 10', os.arch: 'amd64', os.version: '10.0', java.version: '1.8.0_281'
Driver info: driver.version: RemoteWebDriver]]>
            </message>
            <full-stacktrace>
              <![CDATA[org.openqa.selenium.NoSuchSessionException: Session ID is null. Using WebDriver after calling quit()?
Build info: version: '3.141.59', revision: 'e82be7d358', time: '2018-11-14T08:17:03'
System info: host: 'NAVEEN', ip: '192.168.45.1', os.name: 'Windows 10', os.arch: 'amd64', os.version: '10.0', java.version: '1.8.0_281'
Driver info: driver.version: RemoteWebDriver
at org.openqa.selenium.remote.HttpCommandExecutor.execute(HttpCommandExecutor.java:125)
at org.openqa.selenium.remote.service.DriverCommandExecutor.execute(DriverCommandExecutor.java:83)
at org.openqa.selenium.remote.RemoteWebDriver.execute(RemoteWebDriver.java:552)
at org.openqa.selenium.remote.RemoteWebDriver.perform(RemoteWebDriver.java:618)
at org.openqa.selenium.interactions.Actions$BuiltAction.perform(Actions.java:639)
at org.openqa.selenium.interactions.Actions.perform(Actions.java:595)
at com.crm.autodesk.genericlib.WebDriverUtiles.moveToExpectedElemnet(WebDriverUtiles.java:141)
at com.crm.autodesk.objectrrepositorylib.Home.logout(Home.java:70)
at com.crm.autodesk.genericlib.BaseClass.configAM(BaseClass.java:98)
at sun.reflect.NativeMethodAccessorImpl.invoke0(Native Method)
at sun.reflect.NativeMethodAccessorImpl.invoke(Unknown Source)
at sun.reflect.DelegatingMethodAccessorImpl.invoke(Unknown Source)
at java.lang.reflect.Method.invoke(Unknown Source)
at org.testng.internal.MethodInvocationHelper.invokeMethod(MethodInvocationHelper.java:124)
at org.testng.internal.MethodInvocationHelper.invokeMethodConsideringTimeout(MethodInvocationHelper.java:59)
at org.testng.internal.Invoker.invokeConfigurationMethod(Invoker.java:458)
at org.testng.internal.Invoker.invokeConfigurations(Invoker.java:222)
at org.testng.internal.Invoker.invokeMethod(Invoker.java:646)
at org.testng.internal.Invoker.invokeTestMethod(Invoker.java:719)
at org.testng.internal.Invoker.invokeTestMethods(Invoker.java:989)
at org.testng.internal.TestMethodWorker.invokeTestMethods(TestMethodWorker.java:125)
at org.testng.internal.TestMethodWorker.run(TestMethodWorker.java:109)
at org.testng.TestRunner.privateRun(TestRunner.java:648)
at org.testng.TestRunner.run(TestRunner.java:505)
at org.testng.SuiteRunner.runTest(SuiteRunner.java:455)
at org.testng.SuiteRunner.runSequentially(SuiteRunner.java:450)
at org.testng.SuiteRunner.privateRun(SuiteRunner.java:415)
at org.testng.SuiteRunner.run(SuiteRunner.java:364)
at org.testng.SuiteRunnerWorker.runSuite(SuiteRunnerWorker.java:52)
at org.testng.SuiteRunnerWorker.run(SuiteRunnerWorker.java:84)
at org.testng.TestNG.runSuitesSequentially(TestNG.java:1208)
at org.testng.TestNG.runSuitesLocally(TestNG.java:1137)
at org.testng.TestNG.runSuites(TestNG.java:1049)
at org.testng.TestNG.run(TestNG.java:1017)
at org.testng.remote.AbstractRemoteTestNG.run(AbstractRemoteTestNG.java:115)
at org.testng.remote.RemoteTestNG.initAndRun(RemoteTestNG.java:251)
at org.testng.remote.RemoteTestNG.main(RemoteTestNG.java:77)
]]>
            </full-stacktrace>
          </exception> <!-- org.openqa.selenium.NoSuchSessionException -->
          <reporter-output>
          </reporter-output>
        </test-method> <!-- configAM -->
        <test-method status="SKIP" signature="configAC()[pri:0, instance:com.crm.autodesk.ContactTest.GroupMarketingContact@5e316c74]" name="configAC" is-config="true" duration-ms="0" started-at="2021-02-07T06:37:52Z" finished-at="2021-02-07T06:37:52Z">
          <reporter-output>
          </reporter-output>
        </test-method> <!-- configAC -->
        <test-method status="PASS" signature="configAS()[pri:0, instance:com.crm.autodesk.ContactTest.GroupMarketingContact@5e316c74]" name="configAS" is-config="true" duration-ms="29" started-at="2021-02-07T06:37:52Z" finished-at="2021-02-07T06:37:52Z">
          <reporter-output>
          </reporter-output>
        </test-method> <!-- configAS -->
      </class> <!-- com.crm.autodesk.ContactTest.GroupMarketingContact -->
    </test> <!-- Test -->
  </suite> <!-- Suite -->
</testng-results>
